{"total": {"lines":{"total":71,"covered":39,"skipped":0,"pct":54.92},"statements":{"total":71,"covered":39,"skipped":0,"pct":54.92},"functions":{"total":7,"covered":6,"skipped":0,"pct":85.71},"branches":{"total":39,"covered":22,"skipped":0,"pct":56.41},"branchesTrue":{"total":0,"covered":0,"skipped":0,"pct":"Unknown"}}
,"/home/runner/work/coverage-badges-cli/coverage-badges-cli/src/action.ts": {"lines":{"total":26,"covered":0,"skipped":0,"pct":0},"functions":{"total":1,"covered":0,"skipped":0,"pct":0},"statements":{"total":26,"covered":0,"skipped":0,"pct":0},"branches":{"total":10,"covered":0,"skipped":0,"pct":0}}
,"/home/runner/work/coverage-badges-cli/coverage-badges-cli/src/badges.ts": {"lines":{"total":13,"covered":12,"skipped":0,"pct":92.3},"functions":{"total":2,"covered":2,"skipped":0,"pct":100},"statements":{"total":13,"covered":12,"skipped":0,"pct":92.3},"branches":{"total":19,"covered":14,"skipped":0,"pct":73.68}}
,"/home/runner/work/coverage-badges-cli/coverage-badges-cli/src/create.ts": {"lines":{"total":10,"covered":10,"skipped":0,"pct":100},"functions":{"total":1,"covered":1,"skipped":0,"pct":100},"statements":{"total":10,"covered":10,"skipped":0,"pct":100},"branches":{"total":2,"covered":2,"skipped":0,"pct":100}}
,"/home/runner/work/coverage-badges-cli/coverage-badges-cli/src/index.ts": {"lines":{"total":22,"covered":17,"skipped":0,"pct":77.27},"functions":{"total":3,"covered":3,"skipped":0,"pct":100},"statements":{"total":22,"covered":17,"skipped":0,"pct":77.27},"branches":{"total":8,"covered":6,"skipped":0,"pct":75}}
}
