{"total": {"lines":{"total":78,"covered":46,"skipped":0,"pct":58.97},"statements":{"total":79,"covered":47,"skipped":0,"pct":59.49},"functions":{"total":9,"covered":8,"skipped":0,"pct":88.88},"branches":{"total":42,"covered":25,"skipped":0,"pct":59.52},"branchesTrue":{"total":0,"covered":0,"skipped":0,"pct":"Unknown"}}
,"/home/runner/work/coverage-badges-cli/coverage-badges-cli/src/action.ts": {"lines":{"total":26,"covered":0,"skipped":0,"pct":0},"functions":{"total":1,"covered":0,"skipped":0,"pct":0},"statements":{"total":26,"covered":0,"skipped":0,"pct":0},"branches":{"total":10,"covered":0,"skipped":0,"pct":0}}
,"/home/runner/work/coverage-badges-cli/coverage-badges-cli/src/badges.ts": {"lines":{"total":20,"covered":19,"skipped":0,"pct":95},"functions":{"total":4,"covered":4,"skipped":0,"pct":100},"statements":{"total":21,"covered":20,"skipped":0,"pct":95.23},"branches":{"total":22,"covered":17,"skipped":0,"pct":77.27}}
,"/home/runner/work/coverage-badges-cli/coverage-badges-cli/src/create.ts": {"lines":{"total":10,"covered":10,"skipped":0,"pct":100},"functions":{"total":1,"covered":1,"skipped":0,"pct":100},"statements":{"total":10,"covered":10,"skipped":0,"pct":100},"branches":{"total":2,"covered":2,"skipped":0,"pct":100}}
,"/home/runner/work/coverage-badges-cli/coverage-badges-cli/src/index.ts": {"lines":{"total":22,"covered":17,"skipped":0,"pct":77.27},"functions":{"total":3,"covered":3,"skipped":0,"pct":100},"statements":{"total":22,"covered":17,"skipped":0,"pct":77.27},"branches":{"total":8,"covered":6,"skipped":0,"pct":75}}
}
