TN:
SF:src/action.ts
FN:7,(anonymous_0)
FNF:1
FNH:0
FNDA:0,(anonymous_0)
DA:7,0
DA:8,0
DA:9,0
DA:10,0
DA:11,0
DA:12,0
DA:13,0
DA:14,0
DA:15,0
DA:16,0
DA:17,0
DA:18,0
DA:20,0
DA:21,0
DA:23,0
DA:24,0
DA:25,0
DA:26,0
DA:28,0
DA:30,0
DA:32,0
DA:33,0
DA:34,0
DA:36,0
DA:37,0
DA:39,0
LF:26
LH:0
BRDA:11,0,0,0
BRDA:11,0,1,0
BRDA:12,1,0,0
BRDA:12,1,1,0
BRDA:13,2,0,0
BRDA:13,2,1,0
BRDA:14,3,0,0
BRDA:14,3,1,0
BRDA:16,4,0,0
BRDA:16,4,1,0
BRF:10
BRH:0
end_of_record
TN:
SF:src/badges.ts
FN:9,badge
FN:23,(anonymous_1)
FNF:2
FNH:2
FNDA:2,badge
FNDA:6,(anonymous_1)
DA:10,2
DA:11,2
DA:12,2
DA:13,0
DA:15,2
DA:16,2
DA:23,2
DA:24,6
DA:25,1
DA:27,5
DA:28,1
DA:30,4
DA:32,2
LF:13
LH:12
BRDA:10,0,0,2
BRDA:10,1,0,0
BRDA:10,2,0,2
BRDA:10,2,1,0
BRDA:12,3,0,0
BRDA:12,3,1,2
BRDA:24,4,0,1
BRDA:24,4,1,5
BRDA:24,5,0,6
BRDA:24,5,1,2
BRDA:27,6,0,1
BRDA:27,6,1,4
BRDA:27,7,0,5
BRDA:27,7,1,4
BRDA:27,7,2,4
BRDA:34,8,0,0
BRDA:34,8,1,2
BRDA:35,9,0,2
BRDA:35,9,1,0
BRF:19
BRH:14
end_of_record
TN:
SF:src/create.ts
FN:24,create
FNF:1
FNH:1
FNDA:2,create
DA:25,2
DA:26,2
DA:27,2
DA:28,1
DA:33,1
DA:35,1
DA:36,1
DA:37,1
DA:38,1
DA:39,1
LF:10
LH:10
BRDA:27,0,0,1
BRDA:27,0,1,1
BRF:2
BRH:2
end_of_record
TN:
SF:src/index.ts
FN:11,run
FN:38,cliHelp
FN:48,exampleHelp
FNF:3
FNH:3
FNDA:1,run
FNDA:1,cliHelp
FNDA:1,exampleHelp
DA:12,1
DA:24,1
DA:25,0
DA:26,0
DA:27,0
DA:29,1
DA:30,1
DA:31,0
DA:32,0
DA:34,1
DA:39,1
DA:40,1
DA:41,1
DA:42,1
DA:43,1
DA:44,1
DA:45,1
DA:49,1
DA:50,1
DA:51,1
DA:52,1
DA:53,1
LF:22
LH:17
BRDA:24,0,0,0
BRDA:24,0,1,1
BRDA:24,1,0,1
BRDA:24,1,1,1
BRDA:30,2,0,0
BRDA:30,2,1,1
BRDA:30,3,0,1
BRDA:30,3,1,1
BRF:8
BRH:6
end_of_record
